<?xml version="1.0" encoding="UTF-8"?>
<!-- Generated by org.testng.reporters.JUnitXMLReporter -->
<testsuite ignored="0" hostname="LAPTOP-RD94DQP5" failures="0" tests="10" name="Default test" time="57.301" errors="0" timestamp="2022-10-07T17:15:25 IST">
  <testcase classname="KeywordsPractice.InvocationCountWithThreadPoolSizePractice" name="OpenBrowser" time="50.584"/>
  <testcase classname="KeywordsPractice.InvocationCountWithThreadPoolSizePractice" name="OpenBrowser" time="51.666"/>
  <testcase classname="KeywordsPractice.InvocationCountWithThreadPoolSizePractice" name="OpenBrowser" time="52.436"/>
  <testcase classname="KeywordsPractice.InvocationCountWithThreadPoolSizePractice" name="OpenBrowser" time="52.987"/>
  <testcase classname="KeywordsPractice.InvocationCountWithThreadPoolSizePractice" name="OpenBrowser" time="53.099"/>
  <testcase classname="KeywordsPractice.InvocationCountWithThreadPoolSizePractice" name="OpenBrowser" time="53.45"/>
  <testcase classname="KeywordsPractice.InvocationCountWithThreadPoolSizePractice" name="OpenBrowser" time="54.597"/>
  <testcase classname="KeywordsPractice.InvocationCountWithThreadPoolSizePractice" name="OpenBrowser" time="55.053"/>
  <testcase classname="KeywordsPractice.InvocationCountWithThreadPoolSizePractice" name="OpenBrowser" time="56.722"/>
  <testcase classname="KeywordsPractice.InvocationCountWithThreadPoolSizePractice" name="OpenBrowser" time="57.225"/>
</testsuite> <!-- Default test -->
