<?xml version="1.0" encoding="UTF-8"?>
<!-- Generated by org.testng.reporters.JUnitXMLReporter -->
<testsuite ignored="0" hostname="LAPTOP-RD94DQP5" failures="0" tests="6" name="Test" time="0.087" errors="0" timestamp="2022-09-26T14:32:51 IST">
  <testcase classname="SuiteAnnotationPractice.Test1" name="m1" time="0.009"/>
  <testcase classname="SuiteAnnotationPractice.Test1" name="m2" time="0.002"/>
  <testcase classname="SuiteAnnotationPractice.Test1" name="m3" time="0.002"/>
  <testcase classname="SuiteAnnotationPractice.Test2" name="m4" time="0.004"/>
  <testcase classname="SuiteAnnotationPractice.Test2" name="m5" time="0.002"/>
  <testcase classname="SuiteAnnotationPractice.Test2" name="m6" time="0.004"/>
</testsuite> <!-- Test -->
